Using pre-set license
Built from '2020.3/staging' branch; Version is '2020.3.19f1 (68f137dc9bbe) revision 6877495'; Using compiler version '192528614'; Build Type 'Release'
OS: 'Windows 10 Pro; OS build 19044.1706; Version 2009; 64bit' Language: 'en' Physical Memory: 32616 MB
BatchMode: 1, IsHumanControllingUs: 0, StartBugReporterOnCrash: 0, Is64bit: 1, IsPro: 0

COMMAND LINE ARGUMENTS:
C:\Program Files\Unity\Hub\Editor\2020.3.19f1\Editor\Unity.exe
-adb2
-batchMode
-noUpm
-name
AssetImportWorker0
-projectPath
G:/Game Design/Konnect-VR/Konnect-VR-AssetBundler
-logFile
Logs/AssetImportWorker0.log
-srvPort
55899
Successfully changed project path to: G:/Game Design/Konnect-VR/Konnect-VR-AssetBundler
G:/Game Design/Konnect-VR/Konnect-VR-AssetBundler
Using Asset Import Pipeline V2.
Refreshing native plugins compatible for Editor in 346.45 ms, found 5 plugins.
Preloading 1 native plugins for Editor in 19.02 ms.
Initialize engine version: 2020.3.19f1 (68f137dc9bbe)
[Subsystems] Discovering subsystems at path C:/Program Files/Unity/Hub/Editor/2020.3.19f1/Editor/Data/Resources/UnitySubsystems
[Subsystems] Discovering subsystems at path G:/Game Design/Konnect-VR/Konnect-VR-AssetBundler/Assets
GfxDevice: creating device client; threaded=0
Direct3D:
    Version:  Direct3D 11.0 [level 11.1]
    Renderer: NVIDIA GeForce GTX 1060 3GB (ID=0x1c02)
    Vendor:   
    VRAM:     2988 MB
    Driver:   30.0.15.1215
Initialize mono
Mono path[0] = 'C:/Program Files/Unity/Hub/Editor/2020.3.19f1/Editor/Data/Managed'
Mono path[1] = 'C:/Program Files/Unity/Hub/Editor/2020.3.19f1/Editor/Data/MonoBleedingEdge/lib/mono/unityjit'
Mono config path = 'C:/Program Files/Unity/Hub/Editor/2020.3.19f1/Editor/Data/MonoBleedingEdge/etc'
Using monoOptions --debugger-agent=transport=dt_socket,embedding=1,server=y,suspend=n,address=127.0.0.1:56740
Begin MonoManager ReloadAssembly
Registering precompiled unity dll's ...
Register platform support module: C:/Program Files/Unity/Hub/Editor/2020.3.19f1/Editor/Data/PlaybackEngines/WindowsStandaloneSupport/UnityEditor.WindowsStandalone.Extensions.dll
Registered in 0.002010 seconds.
Native extension for WindowsStandalone target not found
Refreshing native plugins compatible for Editor in 31.97 ms, found 5 plugins.
Preloading 1 native plugins for Editor in 0.05 ms.
Mono: successfully reloaded assembly
- Completed reload, in  1.527 seconds
Domain Reload Profiling:
	ReloadAssembly (1527ms)
		BeginReloadAssembly (55ms)
			ExecutionOrderSort (0ms)
			DisableScriptedObjects (0ms)
			BackupInstance (0ms)
			ReleaseScriptingObjects (0ms)
			CreateAndSetChildDomain (1ms)
		EndReloadAssembly (331ms)
			LoadAssemblies (53ms)
			RebuildTransferFunctionScriptingTraits (0ms)
			SetupTypeCache (118ms)
			ReleaseScriptCaches (0ms)
			RebuildScriptCaches (24ms)
			SetupLoadedEditorAssemblies (130ms)
				LogAssemblyErrors (0ms)
				InitializePlatformSupportModulesInManaged (3ms)
				SetLoadedEditorAssemblies (0ms)
				RefreshPlugins (32ms)
				BeforeProcessingInitializeOnLoad (13ms)
				ProcessInitializeOnLoadAttributes (60ms)
				ProcessInitializeOnLoadMethodAttributes (21ms)
				AfterProcessingInitializeOnLoad (0ms)
				EditorAssembliesLoaded (0ms)
			ExecutionOrderSort2 (0ms)
			AwakeInstancesAfterBackupRestoration (0ms)
Platform modules already initialized, skipping
Registering precompiled user dll's ...
Registered in 0.002348 seconds.
Begin MonoManager ReloadAssembly
Native extension for WindowsStandalone target not found
Refreshing native plugins compatible for Editor in 32.67 ms, found 5 plugins.
Preloading 1 native plugins for Editor in 0.05 ms.
[XR] OculusXRPlugin: registering subsystems
[XR] Unable to register display lifecyle provider: [1]
[XR] Oculus Input lifecycle provider registered.
[XR] Unable to register input lifecyle provider: [1]
System.Reflection.TargetInvocationException: Exception has been thrown by the target of an invocation. ---> System.NullReferenceException: Object reference not set to an instance of an object
  at Unity.XR.Oculus.OculusLoader.AssetPathToAbsolutePath (System.String assetPath) [0x00048] in G:\Game Design\Konnect-VR\Konnect-VR-AssetBundler\Library\PackageCache\com.unity.xr.oculus@1.10.0\Runtime\OculusLoader.cs:250 
  at Unity.XR.Oculus.OculusLoader.EditorLoadOVRPlugin () [0x0007b] in G:\Game Design\Konnect-VR\Konnect-VR-AssetBundler\Library\PackageCache\com.unity.xr.oculus@1.10.0\Runtime\OculusLoader.cs:235 
  at (wrapper managed-to-native) System.Reflection.MonoMethod.InternalInvoke(System.Reflection.MonoMethod,object,object[],System.Exception&)
  at System.Reflection.MonoMethod.Invoke (System.Object obj, System.Reflection.BindingFlags invokeAttr, System.Reflection.Binder binder, System.Object[] parameters, System.Globalization.CultureInfo culture) [0x00032] in <695d1cc93cca45069c528c15c9fdd749>:0 
   --- End of inner exception stack trace ---
  at System.Reflection.MonoMethod.Invoke (System.Object obj, System.Reflection.BindingFlags invokeAttr, System.Reflection.Binder binder, System.Object[] parameters, System.Globalization.CultureInfo culture) [0x00048] in <695d1cc93cca45069c528c15c9fdd749>:0 
  at System.Reflection.MethodBase.Invoke (System.Object obj, System.Object[] parameters) [0x00000] in <695d1cc93cca45069c528c15c9fdd749>:0 
  at UnityEditor.EditorAssemblies.ProcessInitializeOnLoadMethodAttributes () [0x00047] in <97ba64834c8f4edc84e3d8e30b04f122>:0 
UnityEngine.StackTraceUtility:ExtractStackTrace ()
UnityEngine.DebugLogHandler:LogFormat (UnityEngine.LogType,UnityEngine.Object,string,object[])
UnityEngine.Logger:Log (UnityEngine.LogType,object)
UnityEngine.Debug:LogError (object)
UnityEditor.EditorAssemblies:ProcessInitializeOnLoadMethodAttributes ()

Mono: successfully reloaded assembly
- Completed reload, in  0.936 seconds
Domain Reload Profiling:
	ReloadAssembly (937ms)
		BeginReloadAssembly (118ms)
			ExecutionOrderSort (0ms)
			DisableScriptedObjects (4ms)
			BackupInstance (0ms)
			ReleaseScriptingObjects (0ms)
			CreateAndSetChildDomain (15ms)
		EndReloadAssembly (764ms)
			LoadAssemblies (79ms)
			RebuildTransferFunctionScriptingTraits (0ms)
			SetupTypeCache (230ms)
			ReleaseScriptCaches (0ms)
			RebuildScriptCaches (38ms)
			SetupLoadedEditorAssemblies (317ms)
				LogAssemblyErrors (0ms)
				InitializePlatformSupportModulesInManaged (3ms)
				SetLoadedEditorAssemblies (0ms)
				RefreshPlugins (33ms)
				BeforeProcessingInitializeOnLoad (67ms)
				ProcessInitializeOnLoadAttributes (196ms)
				ProcessInitializeOnLoadMethodAttributes (12ms)
				AfterProcessingInitializeOnLoad (7ms)
				EditorAssembliesLoaded (0ms)
			ExecutionOrderSort2 (0ms)
			AwakeInstancesAfterBackupRestoration (4ms)
Platform modules already initialized, skipping
========================================================================
Worker process is ready to serve import requests
Launched and connected shader compiler UnityShaderCompiler.exe after 0.03 seconds
Refreshing native plugins compatible for Editor in 0.44 ms, found 5 plugins.
Preloading 1 native plugins for Editor in 0.06 ms.
Unloading 2132 Unused Serialized files (Serialized files now loaded: 0)
System memory in use before: 90.9 MB.
System memory in use after: 91.0 MB.

Unloading 21 unused Assets to reduce memory usage. Loaded Objects now: 2568.
Total: 2.501000 ms (FindLiveObjects: 0.182900 ms CreateObjectMapping: 0.076900 ms MarkObjects: 2.188100 ms  DeleteObjects: 0.052100 ms)

AssetImportParameters requested are different than current active one (requested -> active):
  custom:framework-win-MediaFoundation: 216162199b28c13a410421893ffa2e32 -> 
  custom:video-decoder-ogg-theora: a1e56fd34408186e4bbccfd4996cb3dc -> 
  custom:container-muxer-webm: aa71ff27fc2769a1b78a27578f13a17b -> 
  custom:container-demuxer-webm: 4f35f7cbe854078d1ac9338744f61a02 -> 
  custom:container-demuxer-ogg: 62fdf1f143b41e24485cea50d1cbac27 -> 
  custom:video-encoder-webm-vp8: eb34c28f22e8b96e1ab97ce403110664 -> 
  custom:video-codec-MediaFoundation-h265: 746d11721c4dcdbdad8f713fa42b33f4 -> 
  custom:video-decoder-webm-vp8: 9c59270c3fd7afecdb556c50c9e8de78 -> 
  custom:audio-decoder-ogg-vorbis: bf7c407c2cedff20999df2af8eb42d56 -> 
  custom:audio-encoder-webm-vorbis: bf7c407c2cedff20999df2af8eb42d56 -> 
========================================================================
Received Import Request.
  path: Assets/BoneWorks/Prefabs/RightRadiusandUlna.prefab
  artifactKey: Guid(1f18a37e336d0db4c9a9dbcb7ee7ed4e) Importer(815301076,1909f56bfc062723c751e8b465ee728b)
Start importing Assets/BoneWorks/Prefabs/RightRadiusandUlna.prefab using Guid(1f18a37e336d0db4c9a9dbcb7ee7ed4e) Importer(815301076,1909f56bfc062723c751e8b465ee728b)  -> (artifact id: '106f61318a14067b864bbfdc61b1d962') in 0.110924 seconds 
  Import took 0.113649 seconds .

========================================================================
Received Import Request.
  Time since last request: 0.000215 seconds.
  path: Assets/BoneWorks/Prefabs/RightHand.prefab
  artifactKey: Guid(4aea2cdf9943e234aad2eb09e8685d62) Importer(815301076,1909f56bfc062723c751e8b465ee728b)
Start importing Assets/BoneWorks/Prefabs/RightHand.prefab using Guid(4aea2cdf9943e234aad2eb09e8685d62) Importer(815301076,1909f56bfc062723c751e8b465ee728b)  -> (artifact id: '2bd6c84cc59fbdbf79375572e1fb5ec0') in 0.013792 seconds 
  Import took 0.016462 seconds .

========================================================================
Received Import Request.
  Time since last request: 0.000195 seconds.
  path: Assets/BoneWorks/Prefabs/LeftCollarBone.prefab
  artifactKey: Guid(b1d896b33b0a49849a031d672f6e69b3) Importer(815301076,1909f56bfc062723c751e8b465ee728b)
Start importing Assets/BoneWorks/Prefabs/LeftCollarBone.prefab using Guid(b1d896b33b0a49849a031d672f6e69b3) Importer(815301076,1909f56bfc062723c751e8b465ee728b)  -> (artifact id: '40e5f37ee02bb9213b6ed256189375a1') in 0.012730 seconds 
  Import took 0.015577 seconds .

========================================================================
Received Import Request.
  Time since last request: 0.000181 seconds.
  path: Assets/BoneWorks/Prefabs/RightHumerus.prefab
  artifactKey: Guid(e315318c70419c8478fb6af40665b2f3) Importer(815301076,1909f56bfc062723c751e8b465ee728b)
Start importing Assets/BoneWorks/Prefabs/RightHumerus.prefab using Guid(e315318c70419c8478fb6af40665b2f3) Importer(815301076,1909f56bfc062723c751e8b465ee728b)  -> (artifact id: 'd79851e3b6897996e2ba5673d0a95fd6') in 0.012035 seconds 
  Import took 0.014794 seconds .

========================================================================
Received Import Request.
  Time since last request: 0.000185 seconds.
  path: Assets/BoneWorks/Prefabs/Tailbone.prefab
  artifactKey: Guid(0b4ba72c45b3a3c458a74c03b3ba5be6) Importer(815301076,1909f56bfc062723c751e8b465ee728b)
Start importing Assets/BoneWorks/Prefabs/Tailbone.prefab using Guid(0b4ba72c45b3a3c458a74c03b3ba5be6) Importer(815301076,1909f56bfc062723c751e8b465ee728b)  -> (artifact id: '0ad5b37a4095f46e177e6b0c48f580e0') in 0.012189 seconds 
  Import took 0.015242 seconds .

========================================================================
Received Import Request.
  Time since last request: 0.000172 seconds.
  path: Assets/BoneWorks/Prefabs/Spine.prefab
  artifactKey: Guid(c4d252040b5172f459a8dad951113a2f) Importer(815301076,1909f56bfc062723c751e8b465ee728b)
Start importing Assets/BoneWorks/Prefabs/Spine.prefab using Guid(c4d252040b5172f459a8dad951113a2f) Importer(815301076,1909f56bfc062723c751e8b465ee728b)  -> (artifact id: '78938e33193e4f8a4498dfb1f8981436') in 0.014689 seconds 
  Import took 0.017552 seconds .

========================================================================
Received Import Request.
  Time since last request: 0.000168 seconds.
  path: Assets/BoneWorks/Prefabs/LeftFoot.prefab
  artifactKey: Guid(03c3c472dee678f4c82a1b6c8224bb54) Importer(815301076,1909f56bfc062723c751e8b465ee728b)
Start importing Assets/BoneWorks/Prefabs/LeftFoot.prefab using Guid(03c3c472dee678f4c82a1b6c8224bb54) Importer(815301076,1909f56bfc062723c751e8b465ee728b)  -> (artifact id: '69c7ee09a4eb8c9a52983bb9d761b9ca') in 0.012585 seconds 
  Import took 0.015557 seconds .

========================================================================
Received Import Request.
  Time since last request: 0.000170 seconds.
  path: Assets/BoneWorks/Prefabs/Skull.prefab
  artifactKey: Guid(43cbb7dbc6e9e5d459f6c978bcf24cce) Importer(815301076,1909f56bfc062723c751e8b465ee728b)
Start importing Assets/BoneWorks/Prefabs/Skull.prefab using Guid(43cbb7dbc6e9e5d459f6c978bcf24cce) Importer(815301076,1909f56bfc062723c751e8b465ee728b)  -> (artifact id: '828ea5191a0cef802a671c90c06fa7d1') in 0.012726 seconds 
  Import took 0.015714 seconds .

========================================================================
Received Import Request.
  Time since last request: 0.000150 seconds.
  path: Assets/BoneWorks/Prefabs/RightFemur.prefab
  artifactKey: Guid(c5e7012d3f9d66e4d8896b143ee73309) Importer(815301076,1909f56bfc062723c751e8b465ee728b)
Start importing Assets/BoneWorks/Prefabs/RightFemur.prefab using Guid(c5e7012d3f9d66e4d8896b143ee73309) Importer(815301076,1909f56bfc062723c751e8b465ee728b)  -> (artifact id: '1b6b4584773620d39eb3a69a1d65a3e2') in 0.012784 seconds 
  Import took 0.015580 seconds .

========================================================================
Received Import Request.
  Time since last request: 0.000185 seconds.
  path: Assets/BoneWorks/Prefabs/LeftHand.prefab
  artifactKey: Guid(6771838e7bb0f5847822664923b181ae) Importer(815301076,1909f56bfc062723c751e8b465ee728b)
Start importing Assets/BoneWorks/Prefabs/LeftHand.prefab using Guid(6771838e7bb0f5847822664923b181ae) Importer(815301076,1909f56bfc062723c751e8b465ee728b)  -> (artifact id: '44c3ae3b3fbfc593954c637b531b132a') in 0.013260 seconds 
  Import took 0.016632 seconds .

========================================================================
Received Import Request.
  Time since last request: 0.000184 seconds.
  path: Assets/BoneWorks/Prefabs/LeftFibulaandTibia.prefab
  artifactKey: Guid(9eacb13af908f3d4f9b03f7bdac89999) Importer(815301076,1909f56bfc062723c751e8b465ee728b)
Start importing Assets/BoneWorks/Prefabs/LeftFibulaandTibia.prefab using Guid(9eacb13af908f3d4f9b03f7bdac89999) Importer(815301076,1909f56bfc062723c751e8b465ee728b)  -> (artifact id: '8d3cecd5a74424f9b6f1782d4a584722') in 0.013012 seconds 
  Import took 0.015968 seconds .

========================================================================
Received Import Request.
  Time since last request: 0.000170 seconds.
  path: Assets/BoneWorks/Prefabs/LeftKneeCap.prefab
  artifactKey: Guid(089a26834f42145478da31c74261ef54) Importer(815301076,1909f56bfc062723c751e8b465ee728b)
Start importing Assets/BoneWorks/Prefabs/LeftKneeCap.prefab using Guid(089a26834f42145478da31c74261ef54) Importer(815301076,1909f56bfc062723c751e8b465ee728b)  -> (artifact id: 'bfb7aa765590109b476df850ea1b9d33') in 0.012690 seconds 
  Import took 0.015722 seconds .

========================================================================
Received Import Request.
  Time since last request: 0.000186 seconds.
  path: Assets/BoneWorks/Prefabs/RightCollarBone.prefab
  artifactKey: Guid(f356ef1c53bdacc44a74006c73283e65) Importer(815301076,1909f56bfc062723c751e8b465ee728b)
Start importing Assets/BoneWorks/Prefabs/RightCollarBone.prefab using Guid(f356ef1c53bdacc44a74006c73283e65) Importer(815301076,1909f56bfc062723c751e8b465ee728b)  -> (artifact id: 'b8e6d9f26fc693260dc19e17ea45b453') in 0.012294 seconds 
  Import took 0.015744 seconds .

========================================================================
Received Import Request.
  Time since last request: 0.000274 seconds.
  path: Assets/BoneWorks/Prefabs/BottomJaw.prefab
  artifactKey: Guid(af58fdb243663e849986816b052663bc) Importer(815301076,1909f56bfc062723c751e8b465ee728b)
Start importing Assets/BoneWorks/Prefabs/BottomJaw.prefab using Guid(af58fdb243663e849986816b052663bc) Importer(815301076,1909f56bfc062723c751e8b465ee728b)  -> (artifact id: '4dacd23b89f0a8514c35663816981c09') in 0.014742 seconds 
  Import took 0.018398 seconds .

========================================================================
Received Import Request.
  Time since last request: 0.000215 seconds.
  path: Assets/BoneWorks/Prefabs/LeftHumerus.prefab
  artifactKey: Guid(8568839f327337e41b04f191998ec617) Importer(815301076,1909f56bfc062723c751e8b465ee728b)
Start importing Assets/BoneWorks/Prefabs/LeftHumerus.prefab using Guid(8568839f327337e41b04f191998ec617) Importer(815301076,1909f56bfc062723c751e8b465ee728b)  -> (artifact id: '3e1a0fd78d64f90b58d9861607c950f8') in 0.040600 seconds 
  Import took 0.044129 seconds .

========================================================================
Received Import Request.
  Time since last request: 0.000174 seconds.
  path: Assets/BoneWorks/Prefabs/RightKneeCap.prefab
  artifactKey: Guid(d35e12dddf59b914bb54be365f551ada) Importer(815301076,1909f56bfc062723c751e8b465ee728b)
Start importing Assets/BoneWorks/Prefabs/RightKneeCap.prefab using Guid(d35e12dddf59b914bb54be365f551ada) Importer(815301076,1909f56bfc062723c751e8b465ee728b)  -> (artifact id: '7b4eb08bd717772e9086d26206062327') in 0.078158 seconds 
  Import took 0.080913 seconds .

========================================================================
Received Import Request.
  Time since last request: 0.000174 seconds.
  path: Assets/BoneWorks/Prefabs/RightFoot.prefab
  artifactKey: Guid(eff903003ba144643bfd5329c0f8f3e4) Importer(815301076,1909f56bfc062723c751e8b465ee728b)
Start importing Assets/BoneWorks/Prefabs/RightFoot.prefab using Guid(eff903003ba144643bfd5329c0f8f3e4) Importer(815301076,1909f56bfc062723c751e8b465ee728b)  -> (artifact id: '3be8360129048314f3bc21553bc2d273') in 0.065988 seconds 
  Import took 0.068697 seconds .

========================================================================
Received Import Request.
  Time since last request: 0.000165 seconds.
  path: Assets/BoneWorks/Prefabs/LeftRadiusandUlna_LOD0.prefab
  artifactKey: Guid(5a9c1c123b2271e41a44190db0a95d68) Importer(815301076,1909f56bfc062723c751e8b465ee728b)
Start importing Assets/BoneWorks/Prefabs/LeftRadiusandUlna_LOD0.prefab using Guid(5a9c1c123b2271e41a44190db0a95d68) Importer(815301076,1909f56bfc062723c751e8b465ee728b)  -> (artifact id: 'c2a3aa8ee63c8e3b885af9576a4da329') in 0.071025 seconds 
  Import took 0.073723 seconds .

========================================================================
Received Import Request.
  Time since last request: 0.000178 seconds.
  path: Assets/BoneWorks/Prefabs/Ribcage.prefab
  artifactKey: Guid(5740ca52b1358b14388d9b4d29ba5e8a) Importer(815301076,1909f56bfc062723c751e8b465ee728b)
Start importing Assets/BoneWorks/Prefabs/Ribcage.prefab using Guid(5740ca52b1358b14388d9b4d29ba5e8a) Importer(815301076,1909f56bfc062723c751e8b465ee728b)  -> (artifact id: '684dfbc1f2e47bb1487c6ef3644a44ed') in 0.070244 seconds 
  Import took 0.073060 seconds .

========================================================================
Received Import Request.
  Time since last request: 0.000186 seconds.
  path: Assets/BoneWorks/Prefabs/RightShoulderBlade.prefab
  artifactKey: Guid(c271ffda4609ea749b32d582b0d8d5be) Importer(815301076,1909f56bfc062723c751e8b465ee728b)
Start importing Assets/BoneWorks/Prefabs/RightShoulderBlade.prefab using Guid(c271ffda4609ea749b32d582b0d8d5be) Importer(815301076,1909f56bfc062723c751e8b465ee728b)  -> (artifact id: 'c1bb55dc0c08e719631f01220615c56d') in 0.074987 seconds 
  Import took 0.077728 seconds .

========================================================================
Received Import Request.
  Time since last request: 0.000188 seconds.
  path: Assets/BoneWorks/Prefabs/Pelvis.prefab
  artifactKey: Guid(9a923e745172b1145ad186766ad25b8e) Importer(815301076,1909f56bfc062723c751e8b465ee728b)
Start importing Assets/BoneWorks/Prefabs/Pelvis.prefab using Guid(9a923e745172b1145ad186766ad25b8e) Importer(815301076,1909f56bfc062723c751e8b465ee728b)  -> (artifact id: '309713994b33c2867953a63d3ba20815') in 0.079124 seconds 
  Import took 0.081901 seconds .

========================================================================
Received Import Request.
  Time since last request: 0.000175 seconds.
  path: Assets/BoneWorks/Prefabs/LeftShoulderBlade.prefab
  artifactKey: Guid(69e32bbba81e30148b6d4fa3b0a67e04) Importer(815301076,1909f56bfc062723c751e8b465ee728b)
Start importing Assets/BoneWorks/Prefabs/LeftShoulderBlade.prefab using Guid(69e32bbba81e30148b6d4fa3b0a67e04) Importer(815301076,1909f56bfc062723c751e8b465ee728b)  -> (artifact id: 'd12d4e2e2afcee5da6911788c5e6df56') in 0.085824 seconds 
  Import took 0.088509 seconds .

========================================================================
Received Import Request.
  Time since last request: 0.000171 seconds.
  path: Assets/BoneWorks/Prefabs/RightFibulaandTibia.prefab
  artifactKey: Guid(d0ed84fa291f7454d92b48b00ca322e1) Importer(815301076,1909f56bfc062723c751e8b465ee728b)
Start importing Assets/BoneWorks/Prefabs/RightFibulaandTibia.prefab using Guid(d0ed84fa291f7454d92b48b00ca322e1) Importer(815301076,1909f56bfc062723c751e8b465ee728b)  -> (artifact id: '5f87248aa752d4fd28d8c64f7439a266') in 0.077850 seconds 
  Import took 0.080584 seconds .

========================================================================
Received Import Request.
  Time since last request: 0.000165 seconds.
  path: Assets/BoneWorks/Prefabs/LeftFemur.prefab
  artifactKey: Guid(ae68f3c2a15788648a3b16efa9cd573b) Importer(815301076,1909f56bfc062723c751e8b465ee728b)
Start importing Assets/BoneWorks/Prefabs/LeftFemur.prefab using Guid(ae68f3c2a15788648a3b16efa9cd573b) Importer(815301076,1909f56bfc062723c751e8b465ee728b)  -> (artifact id: 'ee8811149f9fabb8c61c08cb8d82f3ab') in 0.075935 seconds 
  Import took 0.078629 seconds .

========================================================================
Received Import Request.
  Time since last request: 27.273997 seconds.
  path: Assets/Shaders
  artifactKey: Guid(796e9cb10330e014d80a94b26f584e54) Importer(815301076,1909f56bfc062723c751e8b465ee728b)
Start importing Assets/Shaders using Guid(796e9cb10330e014d80a94b26f584e54) Importer(815301076,1909f56bfc062723c751e8b465ee728b)  -> (artifact id: '2b361fac53251a28528a4a8e24df355a') in 0.024143 seconds 
  Import took 0.027155 seconds .

========================================================================
Received Prepare
Registering precompiled user dll's ...
Registered in 0.033382 seconds.
Begin MonoManager ReloadAssembly
Native extension for WindowsStandalone target not found
Refreshing native plugins compatible for Editor in 0.44 ms, found 5 plugins.
Preloading 1 native plugins for Editor in 0.07 ms.
System.Reflection.TargetInvocationException: Exception has been thrown by the target of an invocation. ---> System.NullReferenceException: Object reference not set to an instance of an object
  at Unity.XR.Oculus.OculusLoader.AssetPathToAbsolutePath (System.String assetPath) [0x00048] in G:\Game Design\Konnect-VR\Konnect-VR-AssetBundler\Library\PackageCache\com.unity.xr.oculus@1.10.0\Runtime\OculusLoader.cs:250 
  at Unity.XR.Oculus.OculusLoader.EditorLoadOVRPlugin () [0x0007b] in G:\Game Design\Konnect-VR\Konnect-VR-AssetBundler\Library\PackageCache\com.unity.xr.oculus@1.10.0\Runtime\OculusLoader.cs:235 
  at (wrapper managed-to-native) System.Reflection.MonoMethod.InternalInvoke(System.Reflection.MonoMethod,object,object[],System.Exception&)
  at System.Reflection.MonoMethod.Invoke (System.Object obj, System.Reflection.BindingFlags invokeAttr, System.Reflection.Binder binder, System.Object[] parameters, System.Globalization.CultureInfo culture) [0x00032] in <695d1cc93cca45069c528c15c9fdd749>:0 
   --- End of inner exception stack trace ---
  at System.Reflection.MonoMethod.Invoke (System.Object obj, System.Reflection.BindingFlags invokeAttr, System.Reflection.Binder binder, System.Object[] parameters, System.Globalization.CultureInfo culture) [0x00048] in <695d1cc93cca45069c528c15c9fdd749>:0 
  at System.Reflection.MethodBase.Invoke (System.Object obj, System.Object[] parameters) [0x00000] in <695d1cc93cca45069c528c15c9fdd749>:0 
  at UnityEditor.EditorAssemblies.ProcessInitializeOnLoadMethodAttributes () [0x00047] in <97ba64834c8f4edc84e3d8e30b04f122>:0 
UnityEngine.StackTraceUtility:ExtractStackTrace ()
UnityEngine.DebugLogHandler:LogFormat (UnityEngine.LogType,UnityEngine.Object,string,object[])
UnityEngine.Logger:Log (UnityEngine.LogType,object)
UnityEngine.Debug:LogError (object)
UnityEditor.EditorAssemblies:ProcessInitializeOnLoadMethodAttributes ()

Mono: successfully reloaded assembly
- Completed reload, in  0.874 seconds
Domain Reload Profiling:
	ReloadAssembly (875ms)
		BeginReloadAssembly (111ms)
			ExecutionOrderSort (0ms)
			DisableScriptedObjects (3ms)
			BackupInstance (0ms)
			ReleaseScriptingObjects (0ms)
			CreateAndSetChildDomain (28ms)
		EndReloadAssembly (711ms)
			LoadAssemblies (80ms)
			RebuildTransferFunctionScriptingTraits (0ms)
			SetupTypeCache (240ms)
			ReleaseScriptCaches (1ms)
			RebuildScriptCaches (31ms)
			SetupLoadedEditorAssemblies (275ms)
				LogAssemblyErrors (0ms)
				InitializePlatformSupportModulesInManaged (3ms)
				SetLoadedEditorAssemblies (0ms)
				RefreshPlugins (1ms)
				BeforeProcessingInitializeOnLoad (63ms)
				ProcessInitializeOnLoadAttributes (190ms)
				ProcessInitializeOnLoadMethodAttributes (11ms)
				AfterProcessingInitializeOnLoad (7ms)
				EditorAssembliesLoaded (0ms)
			ExecutionOrderSort2 (0ms)
			AwakeInstancesAfterBackupRestoration (5ms)
Platform modules already initialized, skipping
Refreshing native plugins compatible for Editor in 0.43 ms, found 5 plugins.
Preloading 1 native plugins for Editor in 0.06 ms.
Unloading 2113 Unused Serialized files (Serialized files now loaded: 0)
System memory in use before: 94.7 MB.
System memory in use after: 94.4 MB.

Unloading 20 unused Assets to reduce memory usage. Loaded Objects now: 2576.
Total: 2.700000 ms (FindLiveObjects: 0.194100 ms CreateObjectMapping: 0.068800 ms MarkObjects: 2.188200 ms  DeleteObjects: 0.248100 ms)

AssetImportParameters requested are different than current active one (requested -> active):
  custom:framework-win-MediaFoundation: 216162199b28c13a410421893ffa2e32 -> 
  custom:video-decoder-ogg-theora: a1e56fd34408186e4bbccfd4996cb3dc -> 
  custom:container-muxer-webm: aa71ff27fc2769a1b78a27578f13a17b -> 
  custom:container-demuxer-webm: 4f35f7cbe854078d1ac9338744f61a02 -> 
  custom:container-demuxer-ogg: 62fdf1f143b41e24485cea50d1cbac27 -> 
  custom:video-encoder-webm-vp8: eb34c28f22e8b96e1ab97ce403110664 -> 
  custom:video-codec-MediaFoundation-h265: 746d11721c4dcdbdad8f713fa42b33f4 -> 
  custom:video-decoder-webm-vp8: 9c59270c3fd7afecdb556c50c9e8de78 -> 
  custom:audio-decoder-ogg-vorbis: bf7c407c2cedff20999df2af8eb42d56 -> 
  custom:audio-encoder-webm-vorbis: bf7c407c2cedff20999df2af8eb42d56 -> 
========================================================================
Received Prepare
Registering precompiled user dll's ...
Registered in 0.078400 seconds.
Begin MonoManager ReloadAssembly
Native extension for WindowsStandalone target not found
Refreshing native plugins compatible for Editor in 0.45 ms, found 5 plugins.
Preloading 1 native plugins for Editor in 0.07 ms.
System.Reflection.TargetInvocationException: Exception has been thrown by the target of an invocation. ---> System.NullReferenceException: Object reference not set to an instance of an object
  at Unity.XR.Oculus.OculusLoader.AssetPathToAbsolutePath (System.String assetPath) [0x00048] in G:\Game Design\Konnect-VR\Konnect-VR-AssetBundler\Library\PackageCache\com.unity.xr.oculus@1.10.0\Runtime\OculusLoader.cs:250 
  at Unity.XR.Oculus.OculusLoader.EditorLoadOVRPlugin () [0x0007b] in G:\Game Design\Konnect-VR\Konnect-VR-AssetBundler\Library\PackageCache\com.unity.xr.oculus@1.10.0\Runtime\OculusLoader.cs:235 
  at (wrapper managed-to-native) System.Reflection.MonoMethod.InternalInvoke(System.Reflection.MonoMethod,object,object[],System.Exception&)
  at System.Reflection.MonoMethod.Invoke (System.Object obj, System.Reflection.BindingFlags invokeAttr, System.Reflection.Binder binder, System.Object[] parameters, System.Globalization.CultureInfo culture) [0x00032] in <695d1cc93cca45069c528c15c9fdd749>:0 
   --- End of inner exception stack trace ---
  at System.Reflection.MonoMethod.Invoke (System.Object obj, System.Reflection.BindingFlags invokeAttr, System.Reflection.Binder binder, System.Object[] parameters, System.Globalization.CultureInfo culture) [0x00048] in <695d1cc93cca45069c528c15c9fdd749>:0 
  at System.Reflection.MethodBase.Invoke (System.Object obj, System.Object[] parameters) [0x00000] in <695d1cc93cca45069c528c15c9fdd749>:0 
  at UnityEditor.EditorAssemblies.ProcessInitializeOnLoadMethodAttributes () [0x00047] in <97ba64834c8f4edc84e3d8e30b04f122>:0 
UnityEngine.StackTraceUtility:ExtractStackTrace ()
UnityEngine.DebugLogHandler:LogFormat (UnityEngine.LogType,UnityEngine.Object,string,object[])
UnityEngine.Logger:Log (UnityEngine.LogType,object)
UnityEngine.Debug:LogError (object)
UnityEditor.EditorAssemblies:ProcessInitializeOnLoadMethodAttributes ()

Mono: successfully reloaded assembly
- Completed reload, in  0.852 seconds
Domain Reload Profiling:
	ReloadAssembly (853ms)
		BeginReloadAssembly (98ms)
			ExecutionOrderSort (0ms)
			DisableScriptedObjects (4ms)
			BackupInstance (0ms)
			ReleaseScriptingObjects (0ms)
			CreateAndSetChildDomain (28ms)
		EndReloadAssembly (701ms)
			LoadAssemblies (79ms)
			RebuildTransferFunctionScriptingTraits (0ms)
			SetupTypeCache (233ms)
			ReleaseScriptCaches (1ms)
			RebuildScriptCaches (30ms)
			SetupLoadedEditorAssemblies (278ms)
				LogAssemblyErrors (0ms)
				InitializePlatformSupportModulesInManaged (3ms)
				SetLoadedEditorAssemblies (0ms)
				RefreshPlugins (1ms)
				BeforeProcessingInitializeOnLoad (64ms)
				ProcessInitializeOnLoadAttributes (192ms)
				ProcessInitializeOnLoadMethodAttributes (11ms)
				AfterProcessingInitializeOnLoad (7ms)
				EditorAssembliesLoaded (0ms)
			ExecutionOrderSort2 (0ms)
			AwakeInstancesAfterBackupRestoration (5ms)
Platform modules already initialized, skipping
Refreshing native plugins compatible for Editor in 0.45 ms, found 5 plugins.
Preloading 1 native plugins for Editor in 0.06 ms.
Unloading 2116 Unused Serialized files (Serialized files now loaded: 0)
System memory in use before: 94.7 MB.
System memory in use after: 94.4 MB.

Unloading 16 unused Assets to reduce memory usage. Loaded Objects now: 2583.
Total: 2.698500 ms (FindLiveObjects: 0.184800 ms CreateObjectMapping: 0.072500 ms MarkObjects: 2.168800 ms  DeleteObjects: 0.271700 ms)

AssetImportParameters requested are different than current active one (requested -> active):
  custom:framework-win-MediaFoundation: 216162199b28c13a410421893ffa2e32 -> 
  custom:video-decoder-ogg-theora: a1e56fd34408186e4bbccfd4996cb3dc -> 
  custom:container-muxer-webm: aa71ff27fc2769a1b78a27578f13a17b -> 
  custom:container-demuxer-webm: 4f35f7cbe854078d1ac9338744f61a02 -> 
  custom:container-demuxer-ogg: 62fdf1f143b41e24485cea50d1cbac27 -> 
  custom:video-encoder-webm-vp8: eb34c28f22e8b96e1ab97ce403110664 -> 
  custom:video-codec-MediaFoundation-h265: 746d11721c4dcdbdad8f713fa42b33f4 -> 
  custom:video-decoder-webm-vp8: 9c59270c3fd7afecdb556c50c9e8de78 -> 
  custom:audio-decoder-ogg-vorbis: bf7c407c2cedff20999df2af8eb42d56 -> 
  custom:audio-encoder-webm-vorbis: bf7c407c2cedff20999df2af8eb42d56 -> 
========================================================================
Received Import Request.
  Time since last request: 201.014896 seconds.
  path: Assets/Scripts/Interactions
  artifactKey: Guid(be8ad4be435ceb040a0471385624baff) Importer(815301076,1909f56bfc062723c751e8b465ee728b)
Start importing Assets/Scripts/Interactions using Guid(be8ad4be435ceb040a0471385624baff) Importer(815301076,1909f56bfc062723c751e8b465ee728b)  -> (artifact id: '687617798e4dc05f41dbc2b4e69444fa') in 0.041900 seconds 
  Import took 0.044671 seconds .

========================================================================
Received Import Request.
  Time since last request: 44.836909 seconds.
  path: Assets/Scripts/Interactions/GrabInteractable.cs
  artifactKey: Guid(37be690a8bb25194ab9aadc62fb0db23) Importer(815301076,1909f56bfc062723c751e8b465ee728b)
Start importing Assets/Scripts/Interactions/GrabInteractable.cs using Guid(37be690a8bb25194ab9aadc62fb0db23) Importer(815301076,1909f56bfc062723c751e8b465ee728b)  -> (artifact id: 'dca576f3727545423e49c50b455f415a') in 0.010161 seconds 
  Import took 0.012956 seconds .

========================================================================
Received Prepare
Registering precompiled user dll's ...
Registered in 0.146040 seconds.
Begin MonoManager ReloadAssembly
Native extension for WindowsStandalone target not found
Refreshing native plugins compatible for Editor in 0.45 ms, found 5 plugins.
Preloading 1 native plugins for Editor in 0.07 ms.
System.Reflection.TargetInvocationException: Exception has been thrown by the target of an invocation. ---> System.NullReferenceException: Object reference not set to an instance of an object
  at Unity.XR.Oculus.OculusLoader.AssetPathToAbsolutePath (System.String assetPath) [0x00048] in G:\Game Design\Konnect-VR\Konnect-VR-AssetBundler\Library\PackageCache\com.unity.xr.oculus@1.10.0\Runtime\OculusLoader.cs:250 
  at Unity.XR.Oculus.OculusLoader.EditorLoadOVRPlugin () [0x0007b] in G:\Game Design\Konnect-VR\Konnect-VR-AssetBundler\Library\PackageCache\com.unity.xr.oculus@1.10.0\Runtime\OculusLoader.cs:235 
  at (wrapper managed-to-native) System.Reflection.MonoMethod.InternalInvoke(System.Reflection.MonoMethod,object,object[],System.Exception&)
  at System.Reflection.MonoMethod.Invoke (System.Object obj, System.Reflection.BindingFlags invokeAttr, System.Reflection.Binder binder, System.Object[] parameters, System.Globalization.CultureInfo culture) [0x00032] in <695d1cc93cca45069c528c15c9fdd749>:0 
   --- End of inner exception stack trace ---
  at System.Reflection.MonoMethod.Invoke (System.Object obj, System.Reflection.BindingFlags invokeAttr, System.Reflection.Binder binder, System.Object[] parameters, System.Globalization.CultureInfo culture) [0x00048] in <695d1cc93cca45069c528c15c9fdd749>:0 
  at System.Reflection.MethodBase.Invoke (System.Object obj, System.Object[] parameters) [0x00000] in <695d1cc93cca45069c528c15c9fdd749>:0 
  at UnityEditor.EditorAssemblies.ProcessInitializeOnLoadMethodAttributes () [0x00047] in <97ba64834c8f4edc84e3d8e30b04f122>:0 
UnityEngine.StackTraceUtility:ExtractStackTrace ()
UnityEngine.DebugLogHandler:LogFormat (UnityEngine.LogType,UnityEngine.Object,string,object[])
UnityEngine.Logger:Log (UnityEngine.LogType,object)
UnityEngine.Debug:LogError (object)
UnityEditor.EditorAssemblies:ProcessInitializeOnLoadMethodAttributes ()

Mono: successfully reloaded assembly
- Completed reload, in  0.910 seconds
Domain Reload Profiling:
	ReloadAssembly (911ms)
		BeginReloadAssembly (111ms)
			ExecutionOrderSort (0ms)
			DisableScriptedObjects (4ms)
			BackupInstance (0ms)
			ReleaseScriptingObjects (0ms)
			CreateAndSetChildDomain (31ms)
		EndReloadAssembly (742ms)
			LoadAssemblies (85ms)
			RebuildTransferFunctionScriptingTraits (0ms)
			SetupTypeCache (255ms)
			ReleaseScriptCaches (1ms)
			RebuildScriptCaches (32ms)
			SetupLoadedEditorAssemblies (279ms)
				LogAssemblyErrors (0ms)
				InitializePlatformSupportModulesInManaged (3ms)
				SetLoadedEditorAssemblies (0ms)
				RefreshPlugins (1ms)
				BeforeProcessingInitializeOnLoad (64ms)
				ProcessInitializeOnLoadAttributes (194ms)
				ProcessInitializeOnLoadMethodAttributes (11ms)
				AfterProcessingInitializeOnLoad (7ms)
				EditorAssembliesLoaded (0ms)
			ExecutionOrderSort2 (0ms)
			AwakeInstancesAfterBackupRestoration (5ms)
Platform modules already initialized, skipping
Refreshing native plugins compatible for Editor in 0.44 ms, found 5 plugins.
Preloading 1 native plugins for Editor in 0.06 ms.
Unloading 2120 Unused Serialized files (Serialized files now loaded: 0)
System memory in use before: 95.0 MB.
System memory in use after: 94.6 MB.

Unloading 16 unused Assets to reduce memory usage. Loaded Objects now: 2590.
Total: 2.821600 ms (FindLiveObjects: 0.216200 ms CreateObjectMapping: 0.076600 ms MarkObjects: 2.223100 ms  DeleteObjects: 0.304800 ms)

AssetImportParameters requested are different than current active one (requested -> active):
  custom:framework-win-MediaFoundation: 216162199b28c13a410421893ffa2e32 -> 
  custom:video-decoder-ogg-theora: a1e56fd34408186e4bbccfd4996cb3dc -> 
  custom:container-muxer-webm: aa71ff27fc2769a1b78a27578f13a17b -> 
  custom:container-demuxer-webm: 4f35f7cbe854078d1ac9338744f61a02 -> 
  custom:container-demuxer-ogg: 62fdf1f143b41e24485cea50d1cbac27 -> 
  custom:video-encoder-webm-vp8: eb34c28f22e8b96e1ab97ce403110664 -> 
  custom:video-codec-MediaFoundation-h265: 746d11721c4dcdbdad8f713fa42b33f4 -> 
  custom:video-decoder-webm-vp8: 9c59270c3fd7afecdb556c50c9e8de78 -> 
  custom:audio-decoder-ogg-vorbis: bf7c407c2cedff20999df2af8eb42d56 -> 
  custom:audio-encoder-webm-vorbis: bf7c407c2cedff20999df2af8eb42d56 -> 
========================================================================
Received Import Request.
  Time since last request: 1128.957467 seconds.
  path: Assets/BoneWorks/Prefabs/BottomJaw.prefab
  artifactKey: Guid(af58fdb243663e849986816b052663bc) Importer(815301076,1909f56bfc062723c751e8b465ee728b)
Start importing Assets/BoneWorks/Prefabs/BottomJaw.prefab using Guid(af58fdb243663e849986816b052663bc) Importer(815301076,1909f56bfc062723c751e8b465ee728b)  -> (artifact id: '334dbbdb7bde7a867301e5aacf00a5d3') in 0.086718 seconds 
  Import took 0.089935 seconds .

========================================================================
Received Import Request.
  Time since last request: 8.379831 seconds.
  path: Assets/BoneWorks/Prefabs/LeftCollarBone.prefab
  artifactKey: Guid(b1d896b33b0a49849a031d672f6e69b3) Importer(815301076,1909f56bfc062723c751e8b465ee728b)
Start importing Assets/BoneWorks/Prefabs/LeftCollarBone.prefab using Guid(b1d896b33b0a49849a031d672f6e69b3) Importer(815301076,1909f56bfc062723c751e8b465ee728b)  -> (artifact id: '2a628235177a989c60f7cded4c4b60c8') in 0.041510 seconds 
  Import took 0.044880 seconds .

========================================================================
Received Import Request.
  Time since last request: 11.397545 seconds.
  path: Assets/BoneWorks/Prefabs/LeftFemur.prefab
  artifactKey: Guid(ae68f3c2a15788648a3b16efa9cd573b) Importer(815301076,1909f56bfc062723c751e8b465ee728b)
Start importing Assets/BoneWorks/Prefabs/LeftFemur.prefab using Guid(ae68f3c2a15788648a3b16efa9cd573b) Importer(815301076,1909f56bfc062723c751e8b465ee728b)  -> (artifact id: 'b2435864e3b575d6a66c5282ff763041') in 0.014671 seconds 
  Import took 0.019198 seconds .

========================================================================
Received Prepare
Registering precompiled user dll's ...
Registered in 0.088438 seconds.
Begin MonoManager ReloadAssembly
Native extension for WindowsStandalone target not found
Refreshing native plugins compatible for Editor in 0.45 ms, found 5 plugins.
Preloading 1 native plugins for Editor in 0.07 ms.
System.Reflection.TargetInvocationException: Exception has been thrown by the target of an invocation. ---> System.NullReferenceException: Object reference not set to an instance of an object
  at Unity.XR.Oculus.OculusLoader.AssetPathToAbsolutePath (System.String assetPath) [0x00048] in G:\Game Design\Konnect-VR\Konnect-VR-AssetBundler\Library\PackageCache\com.unity.xr.oculus@1.10.0\Runtime\OculusLoader.cs:250 
  at Unity.XR.Oculus.OculusLoader.EditorLoadOVRPlugin () [0x0007b] in G:\Game Design\Konnect-VR\Konnect-VR-AssetBundler\Library\PackageCache\com.unity.xr.oculus@1.10.0\Runtime\OculusLoader.cs:235 
  at (wrapper managed-to-native) System.Reflection.MonoMethod.InternalInvoke(System.Reflection.MonoMethod,object,object[],System.Exception&)
  at System.Reflection.MonoMethod.Invoke (System.Object obj, System.Reflection.BindingFlags invokeAttr, System.Reflection.Binder binder, System.Object[] parameters, System.Globalization.CultureInfo culture) [0x00032] in <695d1cc93cca45069c528c15c9fdd749>:0 
   --- End of inner exception stack trace ---
  at System.Reflection.MonoMethod.Invoke (System.Object obj, System.Reflection.BindingFlags invokeAttr, System.Reflection.Binder binder, System.Object[] parameters, System.Globalization.CultureInfo culture) [0x00048] in <695d1cc93cca45069c528c15c9fdd749>:0 
  at System.Reflection.MethodBase.Invoke (System.Object obj, System.Object[] parameters) [0x00000] in <695d1cc93cca45069c528c15c9fdd749>:0 
  at UnityEditor.EditorAssemblies.ProcessInitializeOnLoadMethodAttributes () [0x00047] in <97ba64834c8f4edc84e3d8e30b04f122>:0 
UnityEngine.StackTraceUtility:ExtractStackTrace ()
UnityEngine.DebugLogHandler:LogFormat (UnityEngine.LogType,UnityEngine.Object,string,object[])
UnityEngine.Logger:Log (UnityEngine.LogType,object)
UnityEngine.Debug:LogError (object)
UnityEditor.EditorAssemblies:ProcessInitializeOnLoadMethodAttributes ()

Mono: successfully reloaded assembly
- Completed reload, in  0.868 seconds
Domain Reload Profiling:
	ReloadAssembly (868ms)
		BeginReloadAssembly (107ms)
			ExecutionOrderSort (0ms)
			DisableScriptedObjects (3ms)
			BackupInstance (0ms)
			ReleaseScriptingObjects (0ms)
			CreateAndSetChildDomain (28ms)
		EndReloadAssembly (707ms)
			LoadAssemblies (84ms)
			RebuildTransferFunctionScriptingTraits (0ms)
			SetupTypeCache (231ms)
			ReleaseScriptCaches (1ms)
			RebuildScriptCaches (30ms)
			SetupLoadedEditorAssemblies (279ms)
				LogAssemblyErrors (0ms)
				InitializePlatformSupportModulesInManaged (3ms)
				SetLoadedEditorAssemblies (0ms)
				RefreshPlugins (1ms)
				BeforeProcessingInitializeOnLoad (63ms)
				ProcessInitializeOnLoadAttributes (194ms)
				ProcessInitializeOnLoadMethodAttributes (10ms)
				AfterProcessingInitializeOnLoad (7ms)
				EditorAssembliesLoaded (0ms)
			ExecutionOrderSort2 (0ms)
			AwakeInstancesAfterBackupRestoration (5ms)
Platform modules already initialized, skipping
Refreshing native plugins compatible for Editor in 0.44 ms, found 5 plugins.
Preloading 1 native plugins for Editor in 0.06 ms.
Unloading 2116 Unused Serialized files (Serialized files now loaded: 0)
System memory in use before: 94.8 MB.
System memory in use after: 94.4 MB.

Unloading 20 unused Assets to reduce memory usage. Loaded Objects now: 2590.
Total: 2.839600 ms (FindLiveObjects: 0.170800 ms CreateObjectMapping: 0.065400 ms MarkObjects: 2.302500 ms  DeleteObjects: 0.300200 ms)

AssetImportParameters requested are different than current active one (requested -> active):
  custom:framework-win-MediaFoundation: 216162199b28c13a410421893ffa2e32 -> 
  custom:video-decoder-ogg-theora: a1e56fd34408186e4bbccfd4996cb3dc -> 
  custom:container-muxer-webm: aa71ff27fc2769a1b78a27578f13a17b -> 
  custom:container-demuxer-webm: 4f35f7cbe854078d1ac9338744f61a02 -> 
  custom:container-demuxer-ogg: 62fdf1f143b41e24485cea50d1cbac27 -> 
  custom:video-encoder-webm-vp8: eb34c28f22e8b96e1ab97ce403110664 -> 
  custom:video-codec-MediaFoundation-h265: 746d11721c4dcdbdad8f713fa42b33f4 -> 
  custom:video-decoder-webm-vp8: 9c59270c3fd7afecdb556c50c9e8de78 -> 
  custom:audio-decoder-ogg-vorbis: bf7c407c2cedff20999df2af8eb42d56 -> 
  custom:audio-encoder-webm-vorbis: bf7c407c2cedff20999df2af8eb42d56 -> 
========================================================================
Received Prepare
Registering precompiled user dll's ...
Registered in 0.002802 seconds.
Begin MonoManager ReloadAssembly
Native extension for WindowsStandalone target not found
Refreshing native plugins compatible for Editor in 0.66 ms, found 5 plugins.
Preloading 1 native plugins for Editor in 2.18 ms.
System.Reflection.TargetInvocationException: Exception has been thrown by the target of an invocation. ---> System.NullReferenceException: Object reference not set to an instance of an object
  at Unity.XR.Oculus.OculusLoader.AssetPathToAbsolutePath (System.String assetPath) [0x00048] in G:\Game Design\Konnect-VR\Konnect-VR-AssetBundler\Library\PackageCache\com.unity.xr.oculus@1.10.0\Runtime\OculusLoader.cs:250 
  at Unity.XR.Oculus.OculusLoader.EditorLoadOVRPlugin () [0x0007b] in G:\Game Design\Konnect-VR\Konnect-VR-AssetBundler\Library\PackageCache\com.unity.xr.oculus@1.10.0\Runtime\OculusLoader.cs:235 
  at (wrapper managed-to-native) System.Reflection.MonoMethod.InternalInvoke(System.Reflection.MonoMethod,object,object[],System.Exception&)
  at System.Reflection.MonoMethod.Invoke (System.Object obj, System.Reflection.BindingFlags invokeAttr, System.Reflection.Binder binder, System.Object[] parameters, System.Globalization.CultureInfo culture) [0x00032] in <695d1cc93cca45069c528c15c9fdd749>:0 
   --- End of inner exception stack trace ---
  at System.Reflection.MonoMethod.Invoke (System.Object obj, System.Reflection.BindingFlags invokeAttr, System.Reflection.Binder binder, System.Object[] parameters, System.Globalization.CultureInfo culture) [0x00048] in <695d1cc93cca45069c528c15c9fdd749>:0 
  at System.Reflection.MethodBase.Invoke (System.Object obj, System.Object[] parameters) [0x00000] in <695d1cc93cca45069c528c15c9fdd749>:0 
  at UnityEditor.EditorAssemblies.ProcessInitializeOnLoadMethodAttributes () [0x00047] in <97ba64834c8f4edc84e3d8e30b04f122>:0 
UnityEngine.StackTraceUtility:ExtractStackTrace ()
UnityEngine.DebugLogHandler:LogFormat (UnityEngine.LogType,UnityEngine.Object,string,object[])
UnityEngine.Logger:Log (UnityEngine.LogType,object)
UnityEngine.Debug:LogError (object)
UnityEditor.EditorAssemblies:ProcessInitializeOnLoadMethodAttributes ()

Mono: successfully reloaded assembly
- Completed reload, in  1.876 seconds
Domain Reload Profiling:
	ReloadAssembly (1877ms)
		BeginReloadAssembly (117ms)
			ExecutionOrderSort (0ms)
			DisableScriptedObjects (3ms)
			BackupInstance (0ms)
			ReleaseScriptingObjects (0ms)
			CreateAndSetChildDomain (29ms)
		EndReloadAssembly (1621ms)
			LoadAssemblies (407ms)
			RebuildTransferFunctionScriptingTraits (0ms)
			SetupTypeCache (230ms)
			ReleaseScriptCaches (1ms)
			RebuildScriptCaches (35ms)
			SetupLoadedEditorAssemblies (621ms)
				LogAssemblyErrors (0ms)
				InitializePlatformSupportModulesInManaged (3ms)
				SetLoadedEditorAssemblies (0ms)
				RefreshPlugins (3ms)
				BeforeProcessingInitializeOnLoad (380ms)
				ProcessInitializeOnLoadAttributes (208ms)
				ProcessInitializeOnLoadMethodAttributes (19ms)
				AfterProcessingInitializeOnLoad (7ms)
				EditorAssembliesLoaded (0ms)
			ExecutionOrderSort2 (0ms)
			AwakeInstancesAfterBackupRestoration (5ms)
Platform modules already initialized, skipping
Refreshing native plugins compatible for Editor in 0.57 ms, found 5 plugins.
Preloading 1 native plugins for Editor in 0.08 ms.
Unloading 2120 Unused Serialized files (Serialized files now loaded: 0)
System memory in use before: 94.9 MB.
System memory in use after: 94.6 MB.

Unloading 16 unused Assets to reduce memory usage. Loaded Objects now: 2597.
Total: 2.876000 ms (FindLiveObjects: 0.193500 ms CreateObjectMapping: 0.095500 ms MarkObjects: 2.281300 ms  DeleteObjects: 0.304900 ms)

AssetImportParameters requested are different than current active one (requested -> active):
  custom:framework-win-MediaFoundation: 216162199b28c13a410421893ffa2e32 -> 
  custom:video-decoder-ogg-theora: a1e56fd34408186e4bbccfd4996cb3dc -> 
  custom:container-muxer-webm: aa71ff27fc2769a1b78a27578f13a17b -> 
  custom:container-demuxer-webm: 4f35f7cbe854078d1ac9338744f61a02 -> 
  custom:container-demuxer-ogg: 62fdf1f143b41e24485cea50d1cbac27 -> 
  custom:video-encoder-webm-vp8: eb34c28f22e8b96e1ab97ce403110664 -> 
  custom:video-codec-MediaFoundation-h265: 746d11721c4dcdbdad8f713fa42b33f4 -> 
  custom:video-decoder-webm-vp8: 9c59270c3fd7afecdb556c50c9e8de78 -> 
  custom:audio-decoder-ogg-vorbis: bf7c407c2cedff20999df2af8eb42d56 -> 
  custom:audio-encoder-webm-vorbis: bf7c407c2cedff20999df2af8eb42d56 -> 
========================================================================
Received Prepare
Registering precompiled user dll's ...
Registered in 0.101948 seconds.
Begin MonoManager ReloadAssembly
Native extension for WindowsStandalone target not found
Refreshing native plugins compatible for Editor in 0.44 ms, found 5 plugins.
Preloading 1 native plugins for Editor in 0.07 ms.
System.Reflection.TargetInvocationException: Exception has been thrown by the target of an invocation. ---> System.NullReferenceException: Object reference not set to an instance of an object
  at Unity.XR.Oculus.OculusLoader.AssetPathToAbsolutePath (System.String assetPath) [0x00048] in G:\Game Design\Konnect-VR\Konnect-VR-AssetBundler\Library\PackageCache\com.unity.xr.oculus@1.10.0\Runtime\OculusLoader.cs:250 
  at Unity.XR.Oculus.OculusLoader.EditorLoadOVRPlugin () [0x0007b] in G:\Game Design\Konnect-VR\Konnect-VR-AssetBundler\Library\PackageCache\com.unity.xr.oculus@1.10.0\Runtime\OculusLoader.cs:235 
  at (wrapper managed-to-native) System.Reflection.MonoMethod.InternalInvoke(System.Reflection.MonoMethod,object,object[],System.Exception&)
  at System.Reflection.MonoMethod.Invoke (System.Object obj, System.Reflection.BindingFlags invokeAttr, System.Reflection.Binder binder, System.Object[] parameters, System.Globalization.CultureInfo culture) [0x00032] in <695d1cc93cca45069c528c15c9fdd749>:0 
   --- End of inner exception stack trace ---
  at System.Reflection.MonoMethod.Invoke (System.Object obj, System.Reflection.BindingFlags invokeAttr, System.Reflection.Binder binder, System.Object[] parameters, System.Globalization.CultureInfo culture) [0x00048] in <695d1cc93cca45069c528c15c9fdd749>:0 
  at System.Reflection.MethodBase.Invoke (System.Object obj, System.Object[] parameters) [0x00000] in <695d1cc93cca45069c528c15c9fdd749>:0 
  at UnityEditor.EditorAssemblies.ProcessInitializeOnLoadMethodAttributes () [0x00047] in <97ba64834c8f4edc84e3d8e30b04f122>:0 
UnityEngine.StackTraceUtility:ExtractStackTrace ()
UnityEngine.DebugLogHandler:LogFormat (UnityEngine.LogType,UnityEngine.Object,string,object[])
UnityEngine.Logger:Log (UnityEngine.LogType,object)
UnityEngine.Debug:LogError (object)
UnityEditor.EditorAssemblies:ProcessInitializeOnLoadMethodAttributes ()

Mono: successfully reloaded assembly
- Completed reload, in  0.867 seconds
Domain Reload Profiling:
	ReloadAssembly (867ms)
		BeginReloadAssembly (99ms)
			ExecutionOrderSort (0ms)
			DisableScriptedObjects (4ms)
			BackupInstance (0ms)
			ReleaseScriptingObjects (0ms)
			CreateAndSetChildDomain (29ms)
		EndReloadAssembly (712ms)
			LoadAssemblies (85ms)
			RebuildTransferFunctionScriptingTraits (0ms)
			SetupTypeCache (236ms)
			ReleaseScriptCaches (1ms)
			RebuildScriptCaches (32ms)
			SetupLoadedEditorAssemblies (277ms)
				LogAssemblyErrors (0ms)
				InitializePlatformSupportModulesInManaged (3ms)
				SetLoadedEditorAssemblies (0ms)
				RefreshPlugins (1ms)
				BeforeProcessingInitializeOnLoad (64ms)
				ProcessInitializeOnLoadAttributes (191ms)
				ProcessInitializeOnLoadMethodAttributes (11ms)
				AfterProcessingInitializeOnLoad (7ms)
				EditorAssembliesLoaded (0ms)
			ExecutionOrderSort2 (0ms)
			AwakeInstancesAfterBackupRestoration (5ms)
Platform modules already initialized, skipping
Refreshing native plugins compatible for Editor in 0.43 ms, found 5 plugins.
Preloading 1 native plugins for Editor in 0.06 ms.
Unloading 2116 Unused Serialized files (Serialized files now loaded: 0)
System memory in use before: 94.8 MB.
System memory in use after: 94.5 MB.

Unloading 20 unused Assets to reduce memory usage. Loaded Objects now: 2596.
Total: 2.684900 ms (FindLiveObjects: 0.173600 ms CreateObjectMapping: 0.072000 ms MarkObjects: 2.137200 ms  DeleteObjects: 0.301400 ms)

AssetImportParameters requested are different than current active one (requested -> active):
  custom:framework-win-MediaFoundation: 216162199b28c13a410421893ffa2e32 -> 
  custom:video-decoder-ogg-theora: a1e56fd34408186e4bbccfd4996cb3dc -> 
  custom:container-muxer-webm: aa71ff27fc2769a1b78a27578f13a17b -> 
  custom:container-demuxer-webm: 4f35f7cbe854078d1ac9338744f61a02 -> 
  custom:container-demuxer-ogg: 62fdf1f143b41e24485cea50d1cbac27 -> 
  custom:video-encoder-webm-vp8: eb34c28f22e8b96e1ab97ce403110664 -> 
  custom:video-codec-MediaFoundation-h265: 746d11721c4dcdbdad8f713fa42b33f4 -> 
  custom:video-decoder-webm-vp8: 9c59270c3fd7afecdb556c50c9e8de78 -> 
  custom:audio-decoder-ogg-vorbis: bf7c407c2cedff20999df2af8eb42d56 -> 
  custom:audio-encoder-webm-vorbis: bf7c407c2cedff20999df2af8eb42d56 -> 
AssetImportWorkerClient::OnTransportError - code=2 error=End of file
